<?xml version="1.0" encoding="UTF-8" ?>
<testsuite tests="25" failures="0" name="br.com.bdd.runner.TesteRunner" time="5.13" errors="0" skipped="0">
  <properties>
    <property name="java.runtime.name" value="Java(TM) SE Runtime Environment"/>
    <property name="sun.boot.library.path" value="C:\Program Files\Java\jdk1.8.0_181\jre\bin"/>
    <property name="java.vm.version" value="25.181-b13"/>
    <property name="java.vm.vendor" value="Oracle Corporation"/>
    <property name="maven.multiModuleProjectDirectory" value="C:\Automacoes-Java\Orange"/>
    <property name="java.vendor.url" value="http://java.oracle.com/"/>
    <property name="path.separator" value=";"/>
    <property name="guice.disable.misplaced.annotation.check" value="true"/>
    <property name="java.vm.name" value="Java HotSpot(TM) 64-Bit Server VM"/>
    <property name="file.encoding.pkg" value="sun.io"/>
    <property name="user.script" value=""/>
    <property name="user.country" value="BR"/>
    <property name="sun.java.launcher" value="SUN_STANDARD"/>
    <property name="sun.os.patch.level" value=""/>
    <property name="java.vm.specification.name" value="Java Virtual Machine Specification"/>
    <property name="user.dir" value="C:\Automacoes-Java\Orange"/>
    <property name="java.runtime.version" value="1.8.0_181-b13"/>
    <property name="java.awt.graphicsenv" value="sun.awt.Win32GraphicsEnvironment"/>
    <property name="java.endorsed.dirs" value="C:\Program Files\Java\jdk1.8.0_181\jre\lib\endorsed"/>
    <property name="os.arch" value="amd64"/>
    <property name="java.io.tmpdir" value="C:\Users\Thiago\AppData\Local\Temp\"/>
    <property name="line.separator" value="
"/>
    <property name="java.vm.specification.vendor" value="Oracle Corporation"/>
    <property name="user.variant" value=""/>
    <property name="os.name" value="Windows 10"/>
    <property name="classworlds.conf" value="C:\maven\bin\..\bin\m2.conf"/>
    <property name="sun.jnu.encoding" value="Cp1252"/>
    <property name="java.library.path" value="C:\Program Files\Java\jdk1.8.0_181\bin;C:\WINDOWS\Sun\Java\bin;C:\WINDOWS\system32;C:\WINDOWS;C:\Ruby25-x64\bin;C:\Program Files (x86)\Common Files\Oracle\Java\javapath;C:\WINDOWS\system32;C:\WINDOWS;C:\WINDOWS\System32\Wbem;C:\WINDOWS\System32\WindowsPowerShell\v1.0\;C:\Program Files\Git\cmd;C:\Program Files\dotnet\;C:\Program Files\Microsoft SQL Server\130\Tools\Binn\;C:\WINDOWS\System32\OpenSSH\;%MAVEN_HOME%\bin;C:\Program Files\nodejs\;C:\xampp\php;C:\composer;C:\maven\bin;C:\Users\Thiago\AppData\Local\GitHubDesktop\bin;C:\Users\Thiago\AppData\Local\Microsoft\WindowsApps;C:\Users\Thiago\AppData\Local\Programs\Microsoft VS Code\bin;C:\Users\Thiago\AppData\Roaming\npm;C:\Users\Thiago\AppData\Roaming\Composer\vendor\bin;C:\maven\bin;;."/>
    <property name="maven.conf" value="C:\maven\bin\../conf"/>
    <property name="java.specification.name" value="Java Platform API Specification"/>
    <property name="java.class.version" value="52.0"/>
    <property name="sun.management.compiler" value="HotSpot 64-Bit Tiered Compilers"/>
    <property name="os.version" value="10.0"/>
    <property name="library.jansi.path" value="C:\maven\bin\..\lib\jansi-native"/>
    <property name="user.home" value="C:\Users\Thiago"/>
    <property name="user.timezone" value="America/Sao_Paulo"/>
    <property name="java.awt.printerjob" value="sun.awt.windows.WPrinterJob"/>
    <property name="java.specification.version" value="1.8"/>
    <property name="file.encoding" value="Cp1252"/>
    <property name="user.name" value="Thiago"/>
    <property name="java.class.path" value="C:\maven\bin\..\boot\plexus-classworlds-2.5.2.jar"/>
    <property name="java.vm.specification.version" value="1.8"/>
    <property name="sun.arch.data.model" value="64"/>
    <property name="java.home" value="C:\Program Files\Java\jdk1.8.0_181\jre"/>
    <property name="sun.java.command" value="org.codehaus.plexus.classworlds.launcher.Launcher clean install"/>
    <property name="java.specification.vendor" value="Oracle Corporation"/>
    <property name="user.language" value="pt"/>
    <property name="awt.toolkit" value="sun.awt.windows.WToolkit"/>
    <property name="java.vm.info" value="mixed mode"/>
    <property name="java.version" value="1.8.0_181"/>
    <property name="java.ext.dirs" value="C:\Program Files\Java\jdk1.8.0_181\jre\lib\ext;C:\WINDOWS\Sun\Java\lib\ext"/>
    <property name="sun.boot.class.path" value="C:\Program Files\Java\jdk1.8.0_181\jre\lib\resources.jar;C:\Program Files\Java\jdk1.8.0_181\jre\lib\rt.jar;C:\Program Files\Java\jdk1.8.0_181\jre\lib\sunrsasign.jar;C:\Program Files\Java\jdk1.8.0_181\jre\lib\jsse.jar;C:\Program Files\Java\jdk1.8.0_181\jre\lib\jce.jar;C:\Program Files\Java\jdk1.8.0_181\jre\lib\charsets.jar;C:\Program Files\Java\jdk1.8.0_181\jre\lib\jfr.jar;C:\Program Files\Java\jdk1.8.0_181\jre\classes"/>
    <property name="sun.stderr.encoding" value="cp850"/>
    <property name="java.vendor" value="Oracle Corporation"/>
    <property name="maven.home" value="C:\maven\bin\.."/>
    <property name="file.separator" value="\"/>
    <property name="java.vendor.url.bug" value="http://bugreport.sun.com/bugreport/"/>
    <property name="sun.cpu.endian" value="little"/>
    <property name="sun.io.unicode.encoding" value="UnicodeLittle"/>
    <property name="sun.stdout.encoding" value="cp850"/>
    <property name="sun.desktop" value="windows"/>
    <property name="sun.cpu.isalist" value="amd64"/>
  </properties>
  <testcase classname="Cenario: CT01_Login_com_dados_corretos" name="Dado que acesso a url &quot;https://opensource-demo.orangehrmlive.com/&quot;" time="0.013"/>
  <testcase classname="Cenario: CT01_Login_com_dados_corretos" name="Dado que digito o usuario e senha" time="0"/>
  <testcase classname="Cenario: CT01_Login_com_dados_corretos" name="E clico em login" time="0"/>
  <testcase classname="Cenario: CT01_Login_com_dados_corretos" name="Entao acesso o sistema com sucesso" time="0"/>
  <testcase classname="Cenario: CT01_Login_com_dados_corretos" name="Cenario: CT01_Login_com_dados_corretos" time="1.045"/>
  <testcase classname="Cenario: CT02_Login_com_senha_incorreta" name="Dado que acesso a url &quot;https://opensource-demo.orangehrmlive.com/&quot;" time="0"/>
  <testcase classname="Cenario: CT02_Login_com_senha_incorreta" name="Dado que digito o usuario e senha" time="0"/>
  <testcase classname="Cenario: CT02_Login_com_senha_incorreta" name="E clico em login" time="0"/>
  <testcase classname="Cenario: CT02_Login_com_senha_incorreta" name="Entao valido a mensagem de erro &quot;Invalid credentials&quot;" time="0"/>
  <testcase classname="Cenario: CT02_Login_com_senha_incorreta" name="Cenario: CT02_Login_com_senha_incorreta" time="1.14"/>
  <testcase classname="Cenario: CT03_Login_com_senha_em_branco" name="Dado que acesso a url &quot;https://opensource-demo.orangehrmlive.com/&quot;" time="0"/>
  <testcase classname="Cenario: CT03_Login_com_senha_em_branco" name="Dado que digito o usuario e senha" time="0"/>
  <testcase classname="Cenario: CT03_Login_com_senha_em_branco" name="E clico em login" time="0"/>
  <testcase classname="Cenario: CT03_Login_com_senha_em_branco" name="Entao valido a mensagem de erro &quot;Password cannot be empty&quot;" time="0"/>
  <testcase classname="Cenario: CT03_Login_com_senha_em_branco" name="Cenario: CT03_Login_com_senha_em_branco" time="0.961"/>
  <testcase classname="Cenario: CT04_Login_com_usuario_em_branco" name="Dado que acesso a url &quot;https://opensource-demo.orangehrmlive.com/&quot;" time="0"/>
  <testcase classname="Cenario: CT04_Login_com_usuario_em_branco" name="Dado que digito o usuario e senha" time="0"/>
  <testcase classname="Cenario: CT04_Login_com_usuario_em_branco" name="E clico em login" time="0"/>
  <testcase classname="Cenario: CT04_Login_com_usuario_em_branco" name="Entao valido a mensagem de erro &quot;Username cannot be empty&quot;" time="0"/>
  <testcase classname="Cenario: CT04_Login_com_usuario_em_branco" name="Cenario: CT04_Login_com_usuario_em_branco" time="0.996"/>
  <testcase classname="Cenario: CT05_Login_com_usuario_e_senha_em_branco" name="Dado que acesso a url &quot;https://opensource-demo.orangehrmlive.com/&quot;" time="0"/>
  <testcase classname="Cenario: CT05_Login_com_usuario_e_senha_em_branco" name="Dado que digito o usuario e senha" time="0"/>
  <testcase classname="Cenario: CT05_Login_com_usuario_e_senha_em_branco" name="E clico em login" time="0"/>
  <testcase classname="Cenario: CT05_Login_com_usuario_e_senha_em_branco" name="Entao valido a mensagem de erro &quot;Username cannot be empty&quot;" time="0"/>
  <testcase classname="Cenario: CT05_Login_com_usuario_e_senha_em_branco" name="Cenario: CT05_Login_com_usuario_e_senha_em_branco" time="0.975"/>
</testsuite>